# JRE version: OpenJDK Runtime Environment Temurin-17.0.1+12 (17.0.1+12) (build 17.0.1+12)
# Java VM: OpenJDK 64-Bit Server VM Temurin-17.0.1+12 (17.0.1+12, mixed mode, emulated-client, tiered, compressed oops, compressed class ptrs, g1 gc, windows-amd64)
GC Precious Log:
 CPUs: 12 total, 12 available
 Memory: 6005M
 Large Page Support: Disabled
 NUMA Support: Disabled
 Compressed Oops: Enabled (32-bit)
 Heap Region Size: 1M
 Heap Min Capacity: 8M
 Heap Initial Capacity: 94M
 Heap Max Capacity: 1502M
 Pre-touch: Disabled
 Parallel Workers: 10
 Concurrent Workers: 3
 Concurrent Refinement Workers: 10
 Periodic GC: Disabled
Heap:
 garbage-first heap   total 112640K, used 82214K [0x00000000a2200000, 0x0000000100000000)
  region size 1024K, 38 young (38912K), 6 survivors (6144K)
 Metaspace       used 101573K, committed 102336K, reserved 1138688K
  class space    used 14336K, committed 14720K, reserved 1048576K
GC Heap History (20 events):
Event: 7.583 GC heap before
{Heap before GC invocations=15 (full 0):
 garbage-first heap   total 118784K, used 94681K [0x00000000a2200000, 0x0000000100000000)
  region size 1024K, 68 young (69632K), 1 survivors (1024K)
 Metaspace       used 58544K, committed 59072K, reserved 1105920K
  class space    used 7760K, committed 8000K, reserved 1048576K
}
Event: 7.587 GC heap after
{Heap after GC invocations=16 (full 0):
 garbage-first heap   total 118784K, used 29913K [0x00000000a2200000, 0x0000000100000000)
  region size 1024K, 5 young (5120K), 5 survivors (5120K)
 Metaspace       used 58544K, committed 59072K, reserved 1105920K
  class space    used 7760K, committed 8000K, reserved 1048576K
}
Event: 7.815 GC heap before
{Heap before GC invocations=16 (full 0):
 garbage-first heap   total 118784K, used 43225K [0x00000000a2200000, 0x0000000100000000)
  region size 1024K, 19 young (19456K), 5 survivors (5120K)
 Metaspace       used 59954K, committed 60416K, reserved 1105920K
  class space    used 7959K, committed 8192K, reserved 1048576K
}
Event: 7.818 GC heap after
{Heap after GC invocations=17 (full 0):
 garbage-first heap   total 118784K, used 31069K [0x00000000a2200000, 0x0000000100000000)
  region size 1024K, 6 young (6144K), 6 survivors (6144K)
 Metaspace       used 59954K, committed 60416K, reserved 1105920K
  class space    used 7959K, committed 8192K, reserved 1048576K
}
Event: 9.130 GC heap before
{Heap before GC invocations=18 (full 0):
 garbage-first heap   total 112640K, used 91485K [0x00000000a2200000, 0x0000000100000000)
  region size 1024K, 66 young (67584K), 6 survivors (6144K)
 Metaspace       used 70419K, committed 70976K, reserved 1114112K
  class space    used 9578K, committed 9856K, reserved 1048576K
}
Event: 9.135 GC heap after
{Heap after GC invocations=19 (full 0):
 garbage-first heap   total 112640K, used 33113K [0x00000000a2200000, 0x0000000100000000)
  region size 1024K, 4 young (4096K), 4 survivors (4096K)
 Metaspace       used 70419K, committed 70976K, reserved 1114112K
  class space    used 9578K, committed 9856K, reserved 1048576K
}
Event: 9.161 GC heap before
{Heap before GC invocations=19 (full 0):
 garbage-first heap   total 112640K, used 34137K [0x00000000a2200000, 0x0000000100000000)
  region size 1024K, 5 young (5120K), 4 survivors (4096K)
 Metaspace       used 70660K, committed 71168K, reserved 1114112K
  class space    used 9621K, committed 9856K, reserved 1048576K
}
Event: 9.164 GC heap after
{Heap after GC invocations=20 (full 0):
 garbage-first heap   total 112640K, used 33424K [0x00000000a2200000, 0x0000000100000000)
  region size 1024K, 1 young (1024K), 1 survivors (1024K)
 Metaspace       used 70660K, committed 71168K, reserved 1114112K
  class space    used 9621K, committed 9856K, reserved 1048576K
}
Event: 10.779 GC heap before
{Heap before GC invocations=20 (full 0):
 garbage-first heap   total 112640K, used 91792K [0x00000000a2200000, 0x0000000100000000)
  region size 1024K, 58 young (59392K), 1 survivors (1024K)
 Metaspace       used 80573K, committed 81152K, reserved 1122304K
  class space    used 11147K, committed 11392K, reserved 1048576K
}
Event: 10.785 GC heap after
{Heap after GC invocations=21 (full 0):
 garbage-first heap   total 112640K, used 38210K [0x00000000a2200000, 0x0000000100000000)
  region size 1024K, 6 young (6144K), 6 survivors (6144K)
 Metaspace       used 80573K, committed 81152K, reserved 1122304K
  class space    used 11147K, committed 11392K, reserved 1048576K
}
Event: 11.331 GC heap before
{Heap before GC invocations=21 (full 0):
 garbage-first heap   total 112640K, used 89410K [0x00000000a2200000, 0x0000000100000000)
  region size 1024K, 57 young (58368K), 6 survivors (6144K)
 Metaspace       used 84721K, committed 85376K, reserved 1130496K
  class space    used 11859K, committed 12160K, reserved 1048576K
}
Event: 11.337 GC heap after
{Heap after GC invocations=22 (full 0):
 garbage-first heap   total 112640K, used 41441K [0x00000000a2200000, 0x0000000100000000)
  region size 1024K, 4 young (4096K), 4 survivors (4096K)
 Metaspace       used 84721K, committed 85376K, reserved 1130496K
  class space    used 11859K, committed 12160K, reserved 1048576K
}
Event: 11.532 GC heap before
{Heap before GC invocations=22 (full 0):
 garbage-first heap   total 112640K, used 89569K [0x00000000a2200000, 0x0000000100000000)
  region size 1024K, 51 young (52224K), 4 survivors (4096K)
 Metaspace       used 85130K, committed 85760K, reserved 1130496K
  class space    used 11924K, committed 12224K, reserved 1048576K
}
Event: 11.536 GC heap after
{Heap after GC invocations=23 (full 0):
 garbage-first heap   total 112640K, used 42264K [0x00000000a2200000, 0x0000000100000000)
  region size 1024K, 4 young (4096K), 4 survivors (4096K)
 Metaspace       used 85130K, committed 85760K, reserved 1130496K
  class space    used 11924K, committed 12224K, reserved 1048576K
}
Event: 12.653 GC heap before
{Heap before GC invocations=24 (full 0):
 garbage-first heap   total 112640K, used 91416K [0x00000000a2200000, 0x0000000100000000)
  region size 1024K, 52 young (53248K), 4 survivors (4096K)
 Metaspace       used 88837K, committed 89472K, reserved 1130496K
  class space    used 12539K, committed 12800K, reserved 1048576K
}
Event: 12.658 GC heap after
{Heap after GC invocations=25 (full 0):
 garbage-first heap   total 112640K, used 46132K [0x00000000a2200000, 0x0000000100000000)
  region size 1024K, 5 young (5120K), 5 survivors (5120K)
 Metaspace       used 88837K, committed 89472K, reserved 1130496K
  class space    used 12539K, committed 12800K, reserved 1048576K
}
Event: 23.285 GC heap before
{Heap before GC invocations=25 (full 0):
 garbage-first heap   total 112640K, used 90164K [0x00000000a2200000, 0x0000000100000000)
  region size 1024K, 49 young (50176K), 5 survivors (5120K)
 Metaspace       used 96482K, committed 97152K, reserved 1138688K
  class space    used 13623K, committed 13952K, reserved 1048576K
}
Event: 23.291 GC heap after
{Heap after GC invocations=26 (full 0):
 garbage-first heap   total 112640K, used 49372K [0x00000000a2200000, 0x0000000100000000)
  region size 1024K, 7 young (7168K), 7 survivors (7168K)
 Metaspace       used 96482K, committed 97152K, reserved 1138688K
  class space    used 13623K, committed 13952K, reserved 1048576K
}
Event: 559.901 GC heap before
{Heap before GC invocations=27 (full 0):
 garbage-first heap   total 112640K, used 91356K [0x00000000a2200000, 0x0000000100000000)
  region size 1024K, 49 young (50176K), 7 survivors (7168K)
 Metaspace       used 101374K, committed 102208K, reserved 1138688K
  class space    used 14302K, committed 14720K, reserved 1048576K
}
Event: 560.015 GC heap after
{Heap after GC invocations=28 (full 0):
 garbage-first heap   total 112640K, used 51494K [0x00000000a2200000, 0x0000000100000000)
  region size 1024K, 6 young (6144K), 6 survivors (6144K)
 Metaspace       used 101374K, committed 102208K, reserved 1138688K
  class space    used 14302K, committed 14720K, reserved 1048576K
}

